Traceback (most recent call last):
  File "/var/www/OptimiseAnything/cgi/finish-solutions.py", line 76, in <module>
    saved_timestamp = formData['saved_timestamp']
  File "/usr/lib/python3.10/cgi.py", line 528, in __getitem__
    raise KeyError(key)
KeyError: 'saved_timestamp'
Traceback (most recent call last):
  File "/var/www/OptimiseAnything/cgi/finish-solutions.py", line 76, in <module>
    saved_timestamp = formData['saved_timestamp']
  File "/usr/lib/python3.10/cgi.py", line 528, in __getitem__
    raise KeyError(key)
KeyError: 'saved_timestamp'
Traceback (most recent call last):
  File "/var/www/OptimiseAnything/cgi/finish-solutions.py", line 252, in <module>
    sys.stdout.write(json.dumps(reply,indent=1))
  File "/usr/lib/python3.10/json/__init__.py", line 238, in dumps
    **kw).encode(obj)
  File "/usr/lib/python3.10/json/encoder.py", line 201, in encode
    chunks = list(chunks)
  File "/usr/lib/python3.10/json/encoder.py", line 431, in _iterencode
    yield from _iterencode_dict(o, _current_indent_level)
  File "/usr/lib/python3.10/json/encoder.py", line 405, in _iterencode_dict
    yield from chunks
  File "/usr/lib/python3.10/json/encoder.py", line 438, in _iterencode
    o = _default(o)
  File "/usr/lib/python3.10/json/encoder.py", line 179, in default
    raise TypeError(f'Object of type {o.__class__.__name__} '
TypeError: Object of type MiniFieldStorage is not JSON serializable
Traceback (most recent call last):
  File "/var/www/OptimiseAnything/cgi/finish-solutions.py", line 69, in <module>
    parameterNames = (formData['parameter-names'].value).split(',')
  File "/usr/lib/python3.10/cgi.py", line 528, in __getitem__
    raise KeyError(key)
KeyError: 'parameter-names'
Traceback (most recent call last):
  File "/var/www/OptimiseAnything/cgi/finish-solutions.py", line 69, in <module>
    parameterNames = (formData['parameter-names'].value).split(',')
  File "/usr/lib/python3.10/cgi.py", line 528, in __getitem__
    raise KeyError(key)
KeyError: 'parameter-names'
Traceback (most recent call last):
  File "/var/www/OptimiseAnything/cgi/finish-solutions.py", line 69, in <module>
    parameterNames = (formData['parameter-names'].value).split(',')
  File "/usr/lib/python3.10/cgi.py", line 528, in __getitem__
    raise KeyError(key)
KeyError: 'parameter-names'
Traceback (most recent call last):
  File "/var/www/OptimiseAnything/cgi/finish-solutions.py", line 69, in <module>
    parameterNames = (formData['parameter-names'].value).split(',')
  File "/usr/lib/python3.10/cgi.py", line 528, in __getitem__
    raise KeyError(key)
KeyError: 'parameter-names'
Traceback (most recent call last):
  File "/var/www/OptimiseAnything/cgi/finish-solutions.py", line 69, in <module>
    parameterNames = (formData['parameter-names'].value).split(',')
  File "/usr/lib/python3.10/cgi.py", line 528, in __getitem__
    raise KeyError(key)
KeyError: 'parameter-names'
