Hello from Python!
Hello from Python!
Hello from Python!
Hello from Python!
Hello from Python!
Hello from Python!
Hello from Python!
Hello from Python!
Hello from Python!
Hello from Python!
Hello from Python!
Hello from Python!
Traceback (most recent call last):
  File "/Applications/XAMPP/xamppfiles/htdocs/Demo/cgi/finish-solutions.py", line 23, in <module>
    from import_all import *
  File "/Applications/XAMPP/xamppfiles/htdocs/Demo/cgi/import_all.py", line 20, in <module>
    import shcho
ModuleNotFoundError: No module named 'shcho'
Hello from Python!
Hello from Python!
Hello from Python!
Hello from Python!
Traceback (most recent call last):
  File "/Applications/XAMPP/xamppfiles/htdocs/Demo/cgi/initial_mobo.py", line 9, in <module>
    from import_all import *
  File "/Applications/XAMPP/xamppfiles/htdocs/Demo/cgi/import_all.py", line 22, in <module>
    import torchvision
ModuleNotFoundError: No module named 'torchvision'
Hello from Python!
Hello from Python!
Traceback (most recent call last):
  File "/Applications/XAMPP/xamppfiles/htdocs/Demo/cgi/initial_mobo.py", line 9, in <module>
    from import_all import *
  File "/Applications/XAMPP/xamppfiles/htdocs/Demo/cgi/import_all.py", line 22, in <module>
    import torchvision
ModuleNotFoundError: No module named 'torchvision'
Hello from Python!
Hello from Python!
Hello from Python!
