Traceback (most recent call last):
  File "/Applications/XAMPP/xamppfiles/htdocs/Demo/cgi/newSolution.py", line 171, in <module>
    train_x, train_x_actual = generate_initial_data()
                              ^^^^^^^^^^^^^^^^^^^^^^^
  File "/Applications/XAMPP/xamppfiles/htdocs/Demo/cgi/newSolution.py", line 153, in generate_initial_data
    while (checkForbiddenRegions(bad_solutions, train_x_actual) == False):
           ^^^^^^^^^^^^^^^^^^^^^^^^^^^^^^^^^^^^^^^^^^^^^^^^^^^^
  File "/Applications/XAMPP/xamppfiles/htdocs/Demo/cgi/newSolution.py", line 128, in checkForbiddenRegions
    for y in range(parameterNames.length):
                   ^^^^^^^^^^^^^^^^^^^^^
AttributeError: 'list' object has no attribute 'length'
Traceback (most recent call last):
  File "/Applications/XAMPP/xamppfiles/htdocs/Demo/cgi/newSolution.py", line 171, in <module>
    train_x, train_x_actual = generate_initial_data()
                              ^^^^^^^^^^^^^^^^^^^^^^^
  File "/Applications/XAMPP/xamppfiles/htdocs/Demo/cgi/newSolution.py", line 153, in generate_initial_data
    while (checkForbiddenRegions(bad_solutions, train_x_actual) == False):
           ^^^^^^^^^^^^^^^^^^^^^^^^^^^^^^^^^^^^^^^^^^^^^^^^^^^^
  File "/Applications/XAMPP/xamppfiles/htdocs/Demo/cgi/newSolution.py", line 131, in checkForbiddenRegions
    if y == parameterNames.length:
            ^^^^^^^^^^^^^^^^^^^^^
AttributeError: 'list' object has no attribute 'length'
